<?xml version="1.0" encoding="UTF-8"?>
<!-- Generated by org.testng.reporters.JUnitReportReporter -->
<testsuite hostname="DESKTOP-HNEEH8I" failures="0" tests="1" name="testscripts.smoke.ValidateSearchHotel" time="13.010" errors="0" timestamp="2023-08-05T19:33:13 IST" skipped="0">
  <testcase classname="testscripts.smoke.ValidateSearchHotel" name="validatingSearchHotelPage" time="13.010"/>
  <system-out/>
</testsuite> <!-- testscripts.smoke.ValidateSearchHotel -->
